<?xml version="1.0" encoding="UTF-8" ?>
<testsuite tests="5" failures="0" name="com.sg.jdbctcomplexexample.dao.RoomDaoDBTest" time="0.744" errors="0" skipped="0">
  <properties>
    <property name="java.runtime.name" value="OpenJDK Runtime Environment"/>
    <property name="java.vm.version" value="11.0.6+10"/>
    <property name="sun.boot.library.path" value="C:\Program Files\AdoptOpenJDK\jdk-11.0.6.10-hotspot\bin"/>
    <property name="maven.multiModuleProjectDirectory" value="C:\Users\Shazena\Documents\GITHUB\java-lagcc-apr20-classwork-shazena\Module002\JDBCTComplexExampleStarter"/>
    <property name="java.vm.vendor" value="AdoptOpenJDK"/>
    <property name="java.vendor.url" value="https://adoptopenjdk.net/"/>
    <property name="guice.disable.misplaced.annotation.check" value="true"/>
    <property name="path.separator" value=";"/>
    <property name="java.vm.name" value="OpenJDK 64-Bit Server VM"/>
    <property name="sun.os.patch.level" value=""/>
    <property name="user.script" value=""/>
    <property name="user.country" value="US"/>
    <property name="sun.java.launcher" value="SUN_STANDARD"/>
    <property name="test" value="com.sg.jdbctcomplexexample.dao.RoomDaoDBTest"/>
    <property name="java.vm.specification.name" value="Java Virtual Machine Specification"/>
    <property name="user.dir" value="C:\Users\Shazena\Documents\GITHUB\java-lagcc-apr20-classwork-shazena\Module002\JDBCTComplexExampleStarter"/>
    <property name="java.vm.compressedOopsMode" value="Zero based"/>
    <property name="java.runtime.version" value="11.0.6+10"/>
    <property name="java.awt.graphicsenv" value="sun.awt.Win32GraphicsEnvironment"/>
    <property name="os.arch" value="amd64"/>
    <property name="java.io.tmpdir" value="C:\Users\Shazena\AppData\Local\Temp\"/>
    <property name="line.separator" value="
"/>
    <property name="java.vm.specification.vendor" value="Oracle Corporation"/>
    <property name="user.variant" value=""/>
    <property name="os.name" value="Windows 10"/>
    <property name="maven.ext.class.path" value="C:\Users\Shazena\Documents\incubating-netbeans-11.0-bin\netbeans\java\maven-nblib\netbeans-eventspy.jar"/>
    <property name="classworlds.conf" value="C:\Users\Shazena\Documents\incubating-netbeans-11.0-bin\netbeans\java\maven\bin\m2.conf"/>
    <property name="sun.jnu.encoding" value="Cp1252"/>
    <property name="java.library.path" value="C:\Program Files\AdoptOpenJDK\jdk-11.0.6.10-hotspot\bin;C:\WINDOWS\Sun\Java\bin;C:\WINDOWS\system32;C:\WINDOWS;C:\Program Files\AdoptOpenJDK\jdk-11.0.6.10-hotspot\bin;C:\WINDOWS\system32;C:\WINDOWS;C:\WINDOWS\System32\Wbem;C:\WINDOWS\System32\WindowsPowerShell\v1.0\;C:\WINDOWS\System32\OpenSSH\;C:\Program Files\Git\cmd;C:\Program Files\Calibre2\;C:\Program Files\Docker\Docker\resources\bin;C:\ProgramData\DockerDesktop\version-bin;C:\Program Files\MySQL\MySQL Shell 8.0\bin\;C:\Users\Shazena\AppData\Local\Programs\Python\Python38-32\Scripts\;C:\Users\Shazena\AppData\Local\Programs\Python\Python38-32\;C:\Users\Shazena\AppData\Local\Microsoft\WindowsApps;C:\Users\Shazena\AppData\Local\atom\bin;C:\Program Files\JetBrains\PyCharm Community Edition 2020.1.1\bin;;C:\Users\Shazena\AppData\Local\Microsoft\WindowsApps;;."/>
    <property name="jdk.debug" value="release"/>
    <property name="java.class.version" value="55.0"/>
    <property name="java.specification.name" value="Java Platform API Specification"/>
    <property name="sun.management.compiler" value="HotSpot 64-Bit Tiered Compilers"/>
    <property name="os.version" value="10.0"/>
    <property name="user.home" value="C:\Users\Shazena"/>
    <property name="user.timezone" value="America/New_York"/>
    <property name="java.awt.printerjob" value="sun.awt.windows.WPrinterJob"/>
    <property name="file.encoding" value="UTF-8"/>
    <property name="java.specification.version" value="11"/>
    <property name="user.name" value="Shazena"/>
    <property name="java.class.path" value="C:\Users\Shazena\Documents\incubating-netbeans-11.0-bin\netbeans\java\maven\boot\plexus-classworlds-2.5.2.jar"/>
    <property name="java.vm.specification.version" value="11"/>
    <property name="sun.arch.data.model" value="64"/>
    <property name="sun.java.command" value="org.codehaus.plexus.classworlds.launcher.Launcher -Dtest=com.sg.jdbctcomplexexample.dao.RoomDaoDBTest -Dmaven.ext.class.path=C:\Users\Shazena\Documents\incubating-netbeans-11.0-bin\netbeans\java\maven-nblib\netbeans-eventspy.jar -Dfile.encoding=UTF-8 surefire:test"/>
    <property name="java.home" value="C:\Program Files\AdoptOpenJDK\jdk-11.0.6.10-hotspot"/>
    <property name="user.language" value="en"/>
    <property name="java.specification.vendor" value="Oracle Corporation"/>
    <property name="awt.toolkit" value="sun.awt.windows.WToolkit"/>
    <property name="java.vm.info" value="mixed mode"/>
    <property name="java.version" value="11.0.6"/>
    <property name="java.vendor" value="AdoptOpenJDK"/>
    <property name="maven.home" value="C:\Users\Shazena\Documents\incubating-netbeans-11.0-bin\netbeans\java\maven"/>
    <property name="file.separator" value="\"/>
    <property name="java.version.date" value="2020-01-14"/>
    <property name="java.vendor.url.bug" value="https://github.com/AdoptOpenJDK/openjdk-support/issues"/>
    <property name="sun.io.unicode.encoding" value="UnicodeLittle"/>
    <property name="sun.cpu.endian" value="little"/>
    <property name="java.vendor.version" value="AdoptOpenJDK"/>
    <property name="sun.desktop" value="windows"/>
    <property name="sun.cpu.isalist" value="amd64"/>
  </properties>
  <testcase classname="com.sg.jdbctcomplexexample.dao.RoomDaoDBTest" name="testAddRoom" time="0.696"/>
  <testcase classname="com.sg.jdbctcomplexexample.dao.RoomDaoDBTest" name="testGetAllRooms" time="0.003"/>
  <testcase classname="com.sg.jdbctcomplexexample.dao.RoomDaoDBTest" name="testUpdateRoom" time="0.007"/>
  <testcase classname="com.sg.jdbctcomplexexample.dao.RoomDaoDBTest" name="testDeleteRoomById" time="0.006"/>
  <testcase classname="com.sg.jdbctcomplexexample.dao.RoomDaoDBTest" name="testAddGetRoom" time="0.032"/>
</testsuite>