<?xml version="1.0" encoding="UTF-8"?>
<testsuite xmlns:xsi="http://www.w3.org/2001/XMLSchema-instance" xsi:noNamespaceSchemaLocation="https://maven.apache.org/surefire/maven-surefire-plugin/xsd/surefire-test-report-3.0.xsd" version="3.0" name="com.skshazena.vendingmachine.service.VendingMachineServiceImplTest" time="0.411" tests="20" errors="0" skipped="0" failures="0">
  <properties>
    <property name="sun.desktop" value="windows"/>
    <property name="awt.toolkit" value="sun.awt.windows.WToolkit"/>
    <property name="java.specification.version" value="11"/>
    <property name="sun.cpu.isalist" value="amd64"/>
    <property name="sun.jnu.encoding" value="Cp1252"/>
    <property name="java.class.path" value="C:\Users\Shazena\Documents\GITHUB\java-lagcc-apr20-classwork-shazena\Module004\VendingMachineSpringXMLAOP\target\test-classes;C:\Users\Shazena\Documents\GITHUB\java-lagcc-apr20-classwork-shazena\Module004\VendingMachineSpringXMLAOP\target\classes;C:\Users\Shazena\.m2\repository\org\aspectj\aspectjtools\1.5.4\aspectjtools-1.5.4.jar;C:\Users\Shazena\.m2\repository\org\junit\jupiter\junit-jupiter-api\5.3.1\junit-jupiter-api-5.3.1.jar;C:\Users\Shazena\.m2\repository\org\apiguardian\apiguardian-api\1.0.0\apiguardian-api-1.0.0.jar;C:\Users\Shazena\.m2\repository\org\opentest4j\opentest4j\1.1.1\opentest4j-1.1.1.jar;C:\Users\Shazena\.m2\repository\org\junit\platform\junit-platform-commons\1.3.1\junit-platform-commons-1.3.1.jar;C:\Users\Shazena\.m2\repository\org\junit\jupiter\junit-jupiter-params\5.3.1\junit-jupiter-params-5.3.1.jar;C:\Users\Shazena\.m2\repository\org\junit\jupiter\junit-jupiter-engine\5.3.1\junit-jupiter-engine-5.3.1.jar;C:\Users\Shazena\.m2\repository\org\junit\platform\junit-platform-engine\1.3.1\junit-platform-engine-1.3.1.jar;C:\Users\Shazena\.m2\repository\org\springframework\spring-context\5.2.2.RELEASE\spring-context-5.2.2.RELEASE.jar;C:\Users\Shazena\.m2\repository\org\springframework\spring-aop\5.2.2.RELEASE\spring-aop-5.2.2.RELEASE.jar;C:\Users\Shazena\.m2\repository\org\springframework\spring-beans\5.2.2.RELEASE\spring-beans-5.2.2.RELEASE.jar;C:\Users\Shazena\.m2\repository\org\springframework\spring-core\5.2.2.RELEASE\spring-core-5.2.2.RELEASE.jar;C:\Users\Shazena\.m2\repository\org\springframework\spring-jcl\5.2.2.RELEASE\spring-jcl-5.2.2.RELEASE.jar;C:\Users\Shazena\.m2\repository\org\springframework\spring-expression\5.2.2.RELEASE\spring-expression-5.2.2.RELEASE.jar;"/>
    <property name="java.vm.vendor" value="AdoptOpenJDK"/>
    <property name="sun.arch.data.model" value="64"/>
    <property name="user.variant" value=""/>
    <property name="java.vendor.url" value="https://adoptopenjdk.net/"/>
    <property name="user.timezone" value="America/New_York"/>
    <property name="java.vm.specification.version" value="11"/>
    <property name="os.name" value="Windows 10"/>
    <property name="user.country" value="US"/>
    <property name="sun.java.launcher" value="SUN_STANDARD"/>
    <property name="sun.boot.library.path" value="C:\Program Files\AdoptOpenJDK\jdk-11.0.6.10-hotspot\bin"/>
    <property name="sun.java.command" value="C:\Users\Shazena\AppData\Local\Temp\surefire4657239752192090723\surefirebooter8651020627988479820.jar C:\Users\Shazena\AppData\Local\Temp\surefire4657239752192090723 2020-07-06T15-42-49_117-jvmRun1 surefire14470320436058333009tmp surefire_09661010250186719380tmp"/>
    <property name="jdk.debug" value="release"/>
    <property name="surefire.test.class.path" value="C:\Users\Shazena\Documents\GITHUB\java-lagcc-apr20-classwork-shazena\Module004\VendingMachineSpringXMLAOP\target\test-classes;C:\Users\Shazena\Documents\GITHUB\java-lagcc-apr20-classwork-shazena\Module004\VendingMachineSpringXMLAOP\target\classes;C:\Users\Shazena\.m2\repository\org\aspectj\aspectjtools\1.5.4\aspectjtools-1.5.4.jar;C:\Users\Shazena\.m2\repository\org\junit\jupiter\junit-jupiter-api\5.3.1\junit-jupiter-api-5.3.1.jar;C:\Users\Shazena\.m2\repository\org\apiguardian\apiguardian-api\1.0.0\apiguardian-api-1.0.0.jar;C:\Users\Shazena\.m2\repository\org\opentest4j\opentest4j\1.1.1\opentest4j-1.1.1.jar;C:\Users\Shazena\.m2\repository\org\junit\platform\junit-platform-commons\1.3.1\junit-platform-commons-1.3.1.jar;C:\Users\Shazena\.m2\repository\org\junit\jupiter\junit-jupiter-params\5.3.1\junit-jupiter-params-5.3.1.jar;C:\Users\Shazena\.m2\repository\org\junit\jupiter\junit-jupiter-engine\5.3.1\junit-jupiter-engine-5.3.1.jar;C:\Users\Shazena\.m2\repository\org\junit\platform\junit-platform-engine\1.3.1\junit-platform-engine-1.3.1.jar;C:\Users\Shazena\.m2\repository\org\springframework\spring-context\5.2.2.RELEASE\spring-context-5.2.2.RELEASE.jar;C:\Users\Shazena\.m2\repository\org\springframework\spring-aop\5.2.2.RELEASE\spring-aop-5.2.2.RELEASE.jar;C:\Users\Shazena\.m2\repository\org\springframework\spring-beans\5.2.2.RELEASE\spring-beans-5.2.2.RELEASE.jar;C:\Users\Shazena\.m2\repository\org\springframework\spring-core\5.2.2.RELEASE\spring-core-5.2.2.RELEASE.jar;C:\Users\Shazena\.m2\repository\org\springframework\spring-jcl\5.2.2.RELEASE\spring-jcl-5.2.2.RELEASE.jar;C:\Users\Shazena\.m2\repository\org\springframework\spring-expression\5.2.2.RELEASE\spring-expression-5.2.2.RELEASE.jar;"/>
    <property name="sun.cpu.endian" value="little"/>
    <property name="user.home" value="C:\Users\Shazena"/>
    <property name="user.language" value="en"/>
    <property name="java.specification.vendor" value="Oracle Corporation"/>
    <property name="java.version.date" value="2020-01-14"/>
    <property name="java.home" value="C:\Program Files\AdoptOpenJDK\jdk-11.0.6.10-hotspot"/>
    <property name="file.separator" value="\"/>
    <property name="basedir" value="C:\Users\Shazena\Documents\GITHUB\java-lagcc-apr20-classwork-shazena\Module004\VendingMachineSpringXMLAOP"/>
    <property name="java.vm.compressedOopsMode" value="Zero based"/>
    <property name="line.separator" value="&#10;"/>
    <property name="java.specification.name" value="Java Platform API Specification"/>
    <property name="java.vm.specification.vendor" value="Oracle Corporation"/>
    <property name="java.awt.graphicsenv" value="sun.awt.Win32GraphicsEnvironment"/>
    <property name="surefire.real.class.path" value="C:\Users\Shazena\AppData\Local\Temp\surefire4657239752192090723\surefirebooter8651020627988479820.jar"/>
    <property name="user.script" value=""/>
    <property name="sun.management.compiler" value="HotSpot 64-Bit Tiered Compilers"/>
    <property name="java.runtime.version" value="11.0.6+10"/>
    <property name="user.name" value="Shazena"/>
    <property name="path.separator" value=";"/>
    <property name="os.version" value="10.0"/>
    <property name="java.runtime.name" value="OpenJDK Runtime Environment"/>
    <property name="file.encoding" value="UTF-8"/>
    <property name="java.vm.name" value="OpenJDK 64-Bit Server VM"/>
    <property name="java.vendor.version" value="AdoptOpenJDK"/>
    <property name="maven.ext.class.path" value="C:\Users\Shazena\Documents\incubating-netbeans-11.0-bin\netbeans\java\maven-nblib\netbeans-eventspy.jar"/>
    <property name="localRepository" value="C:\Users\Shazena\.m2\repository"/>
    <property name="java.vendor.url.bug" value="https://github.com/AdoptOpenJDK/openjdk-support/issues"/>
    <property name="java.io.tmpdir" value="C:\Users\Shazena\AppData\Local\Temp\"/>
    <property name="java.version" value="11.0.6"/>
    <property name="user.dir" value="C:\Users\Shazena\Documents\GITHUB\java-lagcc-apr20-classwork-shazena\Module004\VendingMachineSpringXMLAOP"/>
    <property name="os.arch" value="amd64"/>
    <property name="java.vm.specification.name" value="Java Virtual Machine Specification"/>
    <property name="java.awt.printerjob" value="sun.awt.windows.WPrinterJob"/>
    <property name="sun.os.patch.level" value=""/>
    <property name="java.library.path" value="C:\Program Files\AdoptOpenJDK\jdk-11.0.6.10-hotspot\bin;C:\WINDOWS\Sun\Java\bin;C:\WINDOWS\system32;C:\WINDOWS;C:\Program Files\AdoptOpenJDK\jdk-11.0.6.10-hotspot\bin;C:\WINDOWS\system32;C:\WINDOWS;C:\WINDOWS\System32\Wbem;C:\WINDOWS\System32\WindowsPowerShell\v1.0\;C:\WINDOWS\System32\OpenSSH\;C:\Program Files\Git\cmd;C:\Program Files\Calibre2\;C:\Program Files\Docker\Docker\resources\bin;C:\ProgramData\DockerDesktop\version-bin;C:\Users\Shazena\AppData\Local\Programs\Python\Python38-32\Scripts\;C:\Users\Shazena\AppData\Local\Programs\Python\Python38-32\;C:\Users\Shazena\AppData\Local\Microsoft\WindowsApps;C:\Users\Shazena\AppData\Local\atom\bin;C:\Program Files\JetBrains\PyCharm Community Edition 2020.1.1\bin;;C:\Users\Shazena\AppData\Local\Microsoft\WindowsApps;;."/>
    <property name="java.vendor" value="AdoptOpenJDK"/>
    <property name="java.vm.info" value="mixed mode"/>
    <property name="java.vm.version" value="11.0.6+10"/>
    <property name="sun.io.unicode.encoding" value="UnicodeLittle"/>
    <property name="java.class.version" value="55.0"/>
  </properties>
  <testcase name="testCalculateChange" classname="com.skshazena.vendingmachine.service.VendingMachineServiceImplTest" time="0.002"/>
  <testcase name="testPurchaseItemNotAnItemInTheMachine" classname="com.skshazena.vendingmachine.service.VendingMachineServiceImplTest" time="0"/>
  <testcase name="testPurchaseItemZeroInventory" classname="com.skshazena.vendingmachine.service.VendingMachineServiceImplTest" time="0.001"/>
  <testcase name="testAddInvalidItem" classname="com.skshazena.vendingmachine.service.VendingMachineServiceImplTest" time="0"/>
  <testcase name="testGetZeroQuantityItemMaintenance" classname="com.skshazena.vendingmachine.service.VendingMachineServiceImplTest" time="0"/>
  <testcase name="testPurchaseItemNotEnoughMoney" classname="com.skshazena.vendingmachine.service.VendingMachineServiceImplTest" time="0.006"/>
  <testcase name="testGetAllItemsMaintenance" classname="com.skshazena.vendingmachine.service.VendingMachineServiceImplTest" time="0"/>
  <testcase name="testAddValidItem" classname="com.skshazena.vendingmachine.service.VendingMachineServiceImplTest" time="0.001"/>
  <testcase name="testGetNonZeroItemPurchase" classname="com.skshazena.vendingmachine.service.VendingMachineServiceImplTest" time="0"/>
  <testcase name="testUpdateValidItem" classname="com.skshazena.vendingmachine.service.VendingMachineServiceImplTest" time="0.008"/>
  <testcase name="testUpdateInvalidItem" classname="com.skshazena.vendingmachine.service.VendingMachineServiceImplTest" time="0"/>
  <testcase name="testUpdateNoSuchInventoryItem" classname="com.skshazena.vendingmachine.service.VendingMachineServiceImplTest" time="0.001"/>
  <testcase name="testPurchaseItemExtraMoney" classname="com.skshazena.vendingmachine.service.VendingMachineServiceImplTest" time="0"/>
  <testcase name="testGetAllItemsPurchase" classname="com.skshazena.vendingmachine.service.VendingMachineServiceImplTest" time="0"/>
  <testcase name="testRemoveItemFromInventory" classname="com.skshazena.vendingmachine.service.VendingMachineServiceImplTest" time="0.001"/>
  <testcase name="testRemoveInvalidItemFromInventory" classname="com.skshazena.vendingmachine.service.VendingMachineServiceImplTest" time="0.001"/>
  <testcase name="testGetZeroQuantityItemPurchase" classname="com.skshazena.vendingmachine.service.VendingMachineServiceImplTest" time="0.001"/>
  <testcase name="testPurchaseItemExactMoney" classname="com.skshazena.vendingmachine.service.VendingMachineServiceImplTest" time="0"/>
  <testcase name="testGetNonZeroItemMaintenance" classname="com.skshazena.vendingmachine.service.VendingMachineServiceImplTest" time="0"/>
  <testcase name="testAddDuplicateItem" classname="com.skshazena.vendingmachine.service.VendingMachineServiceImplTest" time="0.003"/>
</testsuite>